<?xml version="1.0" encoding="UTF-8"?>
<coverage generated="1705404933015" clover="3.2.0">
  <project timestamp="1705404933015" name="All files">
    <metrics statements="117" coveredstatements="105" conditionals="32" coveredconditionals="24" methods="28" coveredmethods="26" elements="177" coveredelements="155" complexity="0" loc="117" ncloc="117" packages="7" files="11" classes="11"/>
    <package name="exercice-10-bank.src">
      <metrics statements="22" coveredstatements="17" conditionals="3" coveredconditionals="3" methods="5" coveredmethods="4"/>
      <file name="banking.ts" path="C:\devOps\devOps3wa\cours_devops_tdd\01-le-concept-de-tdd\skeleton-nodejs\exercice-10-bank\src\banking.ts">
        <metrics statements="22" coveredstatements="17" conditionals="3" coveredconditionals="3" methods="5" coveredmethods="4"/>
        <line num="7" count="1" type="stmt"/>
        <line num="8" count="3" type="stmt"/>
        <line num="9" count="3" type="stmt"/>
        <line num="12" count="3" type="cond" truecount="1" falsecount="0"/>
        <line num="13" count="1" type="stmt"/>
        <line num="16" count="2" type="stmt"/>
        <line num="17" count="2" type="stmt"/>
        <line num="18" count="2" type="stmt"/>
        <line num="22" count="2" type="cond" truecount="1" falsecount="0"/>
        <line num="23" count="1" type="stmt"/>
        <line num="26" count="1" type="cond" truecount="1" falsecount="0"/>
        <line num="27" count="1" type="stmt"/>
        <line num="30" count="0" type="stmt"/>
        <line num="31" count="0" type="stmt"/>
        <line num="32" count="0" type="stmt"/>
        <line num="36" count="0" type="stmt"/>
        <line num="37" count="0" type="stmt"/>
        <line num="41" count="2" type="stmt"/>
        <line num="42" count="2" type="stmt"/>
        <line num="43" count="2" type="stmt"/>
        <line num="44" count="2" type="stmt"/>
        <line num="45" count="2" type="stmt"/>
      </file>
    </package>
    <package name="exercice-2-calculator.src.model">
      <metrics statements="19" coveredstatements="17" conditionals="1" coveredconditionals="1" methods="8" coveredmethods="7"/>
      <file name="add.ts" path="C:\devOps\devOps3wa\cours_devops_tdd\01-le-concept-de-tdd\skeleton-nodejs\exercice-2-calculator\src\model\add.ts">
        <metrics statements="3" coveredstatements="3" conditionals="0" coveredconditionals="0" methods="1" coveredmethods="1"/>
        <line num="3" count="1" type="stmt"/>
        <line num="5" count="1" type="stmt"/>
        <line num="7" count="1" type="stmt"/>
      </file>
      <file name="divisor.ts" path="C:\devOps\devOps3wa\cours_devops_tdd\01-le-concept-de-tdd\skeleton-nodejs\exercice-2-calculator\src\model\divisor.ts">
        <metrics statements="5" coveredstatements="5" conditionals="1" coveredconditionals="1" methods="1" coveredmethods="1"/>
        <line num="3" count="1" type="stmt"/>
        <line num="5" count="1" type="stmt"/>
        <line num="7" count="2" type="cond" truecount="1" falsecount="0"/>
        <line num="8" count="1" type="stmt"/>
        <line num="11" count="1" type="stmt"/>
      </file>
      <file name="number-string.ts" path="C:\devOps\devOps3wa\cours_devops_tdd\01-le-concept-de-tdd\skeleton-nodejs\exercice-2-calculator\src\model\number-string.ts">
        <metrics statements="3" coveredstatements="3" conditionals="0" coveredconditionals="0" methods="2" coveredmethods="2"/>
        <line num="1" count="1" type="stmt"/>
        <line num="2" count="3" type="stmt"/>
        <line num="5" count="3" type="stmt"/>
      </file>
      <file name="number.ts" path="C:\devOps\devOps3wa\cours_devops_tdd\01-le-concept-de-tdd\skeleton-nodejs\exercice-2-calculator\src\model\number.ts">
        <metrics statements="5" coveredstatements="3" conditionals="0" coveredconditionals="0" methods="3" coveredmethods="2"/>
        <line num="1" count="1" type="stmt"/>
        <line num="2" count="8" type="stmt"/>
        <line num="5" count="8" type="stmt"/>
        <line num="9" count="0" type="stmt"/>
        <line num="10" count="0" type="stmt"/>
      </file>
      <file name="sub.ts" path="C:\devOps\devOps3wa\cours_devops_tdd\01-le-concept-de-tdd\skeleton-nodejs\exercice-2-calculator\src\model\sub.ts">
        <metrics statements="3" coveredstatements="3" conditionals="0" coveredconditionals="0" methods="1" coveredmethods="1"/>
        <line num="3" count="1" type="stmt"/>
        <line num="5" count="1" type="stmt"/>
        <line num="7" count="1" type="stmt"/>
      </file>
    </package>
    <package name="exercice-5-fizzbuzz.src">
      <metrics statements="17" coveredstatements="17" conditionals="5" coveredconditionals="4" methods="2" coveredmethods="2"/>
      <file name="app.ts" path="C:\devOps\devOps3wa\cours_devops_tdd\01-le-concept-de-tdd\skeleton-nodejs\exercice-5-fizzbuzz\src\app.ts">
        <metrics statements="17" coveredstatements="17" conditionals="5" coveredconditionals="4" methods="2" coveredmethods="2"/>
        <line num="1" count="1" type="stmt"/>
        <line num="2" count="1" type="stmt"/>
        <line num="4" count="1" type="stmt"/>
        <line num="6" count="1" type="stmt"/>
        <line num="8" count="1" type="stmt"/>
        <line num="9" count="3" type="stmt"/>
        <line num="10" count="3" type="stmt"/>
        <line num="12" count="3" type="cond" truecount="1" falsecount="0"/>
        <line num="13" count="1" type="stmt"/>
        <line num="15" count="3" type="cond" truecount="1" falsecount="0"/>
        <line num="16" count="1" type="stmt"/>
        <line num="18" count="3" type="cond" truecount="1" falsecount="0"/>
        <line num="19" count="1" type="stmt"/>
        <line num="22" count="3" type="stmt"/>
        <line num="25" count="1" type="cond" truecount="1" falsecount="1"/>
        <line num="26" count="1" type="stmt"/>
        <line num="27" count="1" type="stmt"/>
      </file>
    </package>
    <package name="exercice-6-string-calculator.src">
      <metrics statements="25" coveredstatements="22" conditionals="14" coveredconditionals="9" methods="7" coveredmethods="7"/>
      <file name="calculator.ts" path="C:\devOps\devOps3wa\cours_devops_tdd\01-le-concept-de-tdd\skeleton-nodejs\exercice-6-string-calculator\src\calculator.ts">
        <metrics statements="25" coveredstatements="22" conditionals="14" coveredconditionals="9" methods="7" coveredmethods="7"/>
        <line num="1" count="1" type="stmt"/>
        <line num="2" count="10" type="cond" truecount="1" falsecount="0"/>
        <line num="3" count="1" type="stmt"/>
        <line num="6" count="9" type="cond" truecount="3" falsecount="0"/>
        <line num="7" count="1" type="stmt"/>
        <line num="10" count="8" type="cond" truecount="2" falsecount="0"/>
        <line num="11" count="1" type="stmt"/>
        <line num="12" count="1" type="cond" truecount="0" falsecount="1"/>
        <line num="13" count="0" type="stmt"/>
        <line num="15" count="1" type="stmt"/>
        <line num="16" count="1" type="stmt"/>
        <line num="18" count="1" type="cond" truecount="2" falsecount="1"/>
        <line num="19" count="0" type="cond" truecount="0" falsecount="2"/>
        <line num="22" count="1" type="stmt"/>
        <line num="23" count="3" type="stmt"/>
        <line num="25" count="1" type="cond" truecount="0" falsecount="1"/>
        <line num="26" count="0" type="stmt"/>
        <line num="29" count="3" type="stmt"/>
        <line num="30" count="2" type="stmt"/>
        <line num="32" count="7" type="stmt"/>
        <line num="33" count="18" type="stmt"/>
        <line num="35" count="7" type="cond" truecount="1" falsecount="0"/>
        <line num="36" count="2" type="stmt"/>
        <line num="39" count="13" type="stmt"/>
        <line num="40" count="12" type="stmt"/>
      </file>
    </package>
    <package name="exercice-7-password-validation.src">
      <metrics statements="12" coveredstatements="11" conditionals="4" coveredconditionals="3" methods="2" coveredmethods="2"/>
      <file name="password-validator.ts" path="C:\devOps\devOps3wa\cours_devops_tdd\01-le-concept-de-tdd\skeleton-nodejs\exercice-7-password-validation\src\password-validator.ts">
        <metrics statements="12" coveredstatements="11" conditionals="4" coveredconditionals="3" methods="2" coveredmethods="2"/>
        <line num="6" count="1" type="stmt"/>
        <line num="7" count="2" type="stmt"/>
        <line num="9" count="2" type="cond" truecount="1" falsecount="0"/>
        <line num="10" count="1" type="stmt"/>
        <line num="13" count="17" type="stmt"/>
        <line num="14" count="2" type="cond" truecount="1" falsecount="0"/>
        <line num="15" count="1" type="stmt"/>
        <line num="18" count="2" type="cond" truecount="0" falsecount="1"/>
        <line num="19" count="0" type="stmt"/>
        <line num="22" count="2" type="cond" truecount="1" falsecount="0"/>
        <line num="23" count="1" type="stmt"/>
        <line num="26" count="2" type="stmt"/>
      </file>
    </package>
    <package name="exercice-8-search.src">
      <metrics statements="9" coveredstatements="8" conditionals="2" coveredconditionals="1" methods="2" coveredmethods="2"/>
      <file name="city-search.ts" path="C:\devOps\devOps3wa\cours_devops_tdd\01-le-concept-de-tdd\skeleton-nodejs\exercice-8-search\src\city-search.ts">
        <metrics statements="9" coveredstatements="8" conditionals="2" coveredconditionals="1" methods="2" coveredmethods="2"/>
        <line num="1" count="1" type="stmt"/>
        <line num="7" count="1" type="stmt"/>
        <line num="9" count="3" type="cond" truecount="1" falsecount="0"/>
        <line num="10" count="1" type="stmt"/>
        <line num="13" count="2" type="stmt"/>
        <line num="15" count="2" type="cond" truecount="0" falsecount="1"/>
        <line num="16" count="0" type="stmt"/>
        <line num="20" count="32" type="stmt"/>
        <line num="22" count="2" type="stmt"/>
      </file>
    </package>
    <package name="exercice-9-sale.src">
      <metrics statements="13" coveredstatements="13" conditionals="3" coveredconditionals="3" methods="2" coveredmethods="2"/>
      <file name="point-de-vente.ts" path="C:\devOps\devOps3wa\cours_devops_tdd\01-le-concept-de-tdd\skeleton-nodejs\exercice-9-sale\src\point-de-vente.ts">
        <metrics statements="13" coveredstatements="13" conditionals="3" coveredconditionals="3" methods="2" coveredmethods="2"/>
        <line num="1" count="1" type="stmt"/>
        <line num="6" count="1" type="stmt"/>
        <line num="7" count="4" type="cond" truecount="1" falsecount="0"/>
        <line num="8" count="1" type="stmt"/>
        <line num="11" count="3" type="cond" truecount="1" falsecount="0"/>
        <line num="12" count="2" type="stmt"/>
        <line num="15" count="1" type="stmt"/>
        <line num="18" count="1" type="stmt"/>
        <line num="19" count="1" type="stmt"/>
        <line num="21" count="1" type="stmt"/>
        <line num="22" count="3" type="cond" truecount="1" falsecount="0"/>
        <line num="23" count="3" type="stmt"/>
        <line num="27" count="1" type="stmt"/>
      </file>
    </package>
  </project>
</coverage>
