{"C:\\devOps\\devOps3wa\\cours_devops_tdd\\01-le-concept-de-tdd\\skeleton-nodejs\\exercice-10-bank\\src\\banking.ts": {"path":"C:\\devOps\\devOps3wa\\cours_devops_tdd\\01-le-concept-de-tdd\\skeleton-nodejs\\exercice-10-bank\\src\\banking.ts","statementMap":{"0":{"start":{"line":8,"column":12},"end":{"line":8,"column":32}},"1":{"start":{"line":9,"column":12},"end":{"line":9,"column":40}},"2":{"start":{"line":12,"column":6},"end":{"line":14,"column":7}},"3":{"start":{"line":13,"column":8},"end":{"line":13,"column":75}},"4":{"start":{"line":16,"column":6},"end":{"line":16,"column":29}},"5":{"start":{"line":17,"column":26},"end":{"line":17,"column":124}},"6":{"start":{"line":18,"column":6},"end":{"line":18,"column":42}},"7":{"start":{"line":22,"column":6},"end":{"line":24,"column":7}},"8":{"start":{"line":23,"column":8},"end":{"line":23,"column":77}},"9":{"start":{"line":26,"column":6},"end":{"line":28,"column":7}},"10":{"start":{"line":27,"column":8},"end":{"line":27,"column":63}},"11":{"start":{"line":30,"column":6},"end":{"line":30,"column":29}},"12":{"start":{"line":31,"column":26},"end":{"line":31,"column":125}},"13":{"start":{"line":32,"column":6},"end":{"line":32,"column":42}},"14":{"start":{"line":36,"column":24},"end":{"line":36,"column":59}},"15":{"start":{"line":37,"column":6},"end":{"line":37,"column":29}},"16":{"start":{"line":41,"column":19},"end":{"line":41,"column":29}},"17":{"start":{"line":42,"column":18},"end":{"line":42,"column":60}},"18":{"start":{"line":43,"column":20},"end":{"line":43,"column":69}},"19":{"start":{"line":44,"column":19},"end":{"line":44,"column":48}},"20":{"start":{"line":45,"column":6},"end":{"line":45,"column":39}},"21":{"start":{"line":7,"column":0},"end":{"line":7,"column":13}}},"fnMap":{"0":{"name":"(anonymous_0)","decl":{"start":{"line":7,"column":0},"end":{"line":7,"column":13}},"loc":{"start":{"line":7,"column":0},"end":{"line":47,"column":1}}},"1":{"name":"(anonymous_1)","decl":{"start":{"line":11,"column":4},"end":{"line":11,"column":11}},"loc":{"start":{"line":11,"column":26},"end":{"line":19,"column":5}}},"2":{"name":"(anonymous_2)","decl":{"start":{"line":21,"column":4},"end":{"line":21,"column":12}},"loc":{"start":{"line":21,"column":27},"end":{"line":33,"column":5}}},"3":{"name":"(anonymous_3)","decl":{"start":{"line":35,"column":4},"end":{"line":35,"column":18}},"loc":{"start":{"line":35,"column":18},"end":{"line":38,"column":5}}},"4":{"name":"(anonymous_4)","decl":{"start":{"line":40,"column":12},"end":{"line":40,"column":22}},"loc":{"start":{"line":40,"column":22},"end":{"line":46,"column":5}}}},"branchMap":{"0":{"loc":{"start":{"line":12,"column":6},"end":{"line":14,"column":7}},"type":"if","locations":[{"start":{"line":12,"column":6},"end":{"line":14,"column":7}}]},"1":{"loc":{"start":{"line":22,"column":6},"end":{"line":24,"column":7}},"type":"if","locations":[{"start":{"line":22,"column":6},"end":{"line":24,"column":7}}]},"2":{"loc":{"start":{"line":26,"column":6},"end":{"line":28,"column":7}},"type":"if","locations":[{"start":{"line":26,"column":6},"end":{"line":28,"column":7}}]}},"s":{"0":3,"1":3,"2":3,"3":1,"4":2,"5":2,"6":2,"7":2,"8":1,"9":1,"10":1,"11":0,"12":0,"13":0,"14":0,"15":0,"16":2,"17":2,"18":2,"19":2,"20":2,"21":1},"f":{"0":3,"1":3,"2":2,"3":0,"4":2},"b":{"0":[1],"1":[1],"2":[1]}}
,"C:\\devOps\\devOps3wa\\cours_devops_tdd\\01-le-concept-de-tdd\\skeleton-nodejs\\exercice-2-calculator\\src\\model\\add.ts": {"path":"C:\\devOps\\devOps3wa\\cours_devops_tdd\\01-le-concept-de-tdd\\skeleton-nodejs\\exercice-2-calculator\\src\\model\\add.ts","statementMap":{"0":{"start":{"line":3,"column":0},"end":{"line":3,"column":47}},"1":{"start":{"line":7,"column":8},"end":{"line":7,"column":63}},"2":{"start":{"line":5,"column":0},"end":{"line":5,"column":13}}},"fnMap":{"0":{"name":"(anonymous_0)","decl":{"start":{"line":6,"column":4},"end":{"line":6,"column":8}},"loc":{"start":{"line":6,"column":29},"end":{"line":8,"column":5}}}},"branchMap":{},"s":{"0":1,"1":1,"2":1},"f":{"0":1},"b":{}}
,"C:\\devOps\\devOps3wa\\cours_devops_tdd\\01-le-concept-de-tdd\\skeleton-nodejs\\exercice-2-calculator\\src\\model\\divisor.ts": {"path":"C:\\devOps\\devOps3wa\\cours_devops_tdd\\01-le-concept-de-tdd\\skeleton-nodejs\\exercice-2-calculator\\src\\model\\divisor.ts","statementMap":{"0":{"start":{"line":3,"column":0},"end":{"line":3,"column":47}},"1":{"start":{"line":7,"column":8},"end":{"line":9,"column":9}},"2":{"start":{"line":8,"column":12},"end":{"line":8,"column":63}},"3":{"start":{"line":11,"column":8},"end":{"line":11,"column":63}},"4":{"start":{"line":5,"column":0},"end":{"line":5,"column":13}}},"fnMap":{"0":{"name":"(anonymous_0)","decl":{"start":{"line":6,"column":4},"end":{"line":6,"column":8}},"loc":{"start":{"line":6,"column":29},"end":{"line":12,"column":5}}}},"branchMap":{"0":{"loc":{"start":{"line":7,"column":8},"end":{"line":9,"column":9}},"type":"if","locations":[{"start":{"line":7,"column":8},"end":{"line":9,"column":9}}]}},"s":{"0":1,"1":2,"2":1,"3":1,"4":1},"f":{"0":2},"b":{"0":[1]}}
,"C:\\devOps\\devOps3wa\\cours_devops_tdd\\01-le-concept-de-tdd\\skeleton-nodejs\\exercice-2-calculator\\src\\model\\number-string.ts": {"path":"C:\\devOps\\devOps3wa\\cours_devops_tdd\\01-le-concept-de-tdd\\skeleton-nodejs\\exercice-2-calculator\\src\\model\\number-string.ts","statementMap":{"0":{"start":{"line":2,"column":24},"end":{"line":2,"column":38}},"1":{"start":{"line":5,"column":8},"end":{"line":5,"column":38}},"2":{"start":{"line":1,"column":0},"end":{"line":1,"column":13}}},"fnMap":{"0":{"name":"(anonymous_0)","decl":{"start":{"line":2,"column":4},"end":{"line":2,"column":24}},"loc":{"start":{"line":2,"column":38},"end":{"line":2,"column":42}}},"1":{"name":"(anonymous_1)","decl":{"start":{"line":4,"column":4},"end":{"line":4,"column":12}},"loc":{"start":{"line":4,"column":12},"end":{"line":6,"column":5}}}},"branchMap":{},"s":{"0":3,"1":3,"2":1},"f":{"0":3,"1":3},"b":{}}
,"C:\\devOps\\devOps3wa\\cours_devops_tdd\\01-le-concept-de-tdd\\skeleton-nodejs\\exercice-2-calculator\\src\\model\\number.ts": {"path":"C:\\devOps\\devOps3wa\\cours_devops_tdd\\01-le-concept-de-tdd\\skeleton-nodejs\\exercice-2-calculator\\src\\model\\number.ts","statementMap":{"0":{"start":{"line":2,"column":24},"end":{"line":2,"column":38}},"1":{"start":{"line":5,"column":8},"end":{"line":5,"column":27}},"2":{"start":{"line":9,"column":8},"end":{"line":9,"column":29}},"3":{"start":{"line":10,"column":8},"end":{"line":10,"column":20}},"4":{"start":{"line":1,"column":0},"end":{"line":1,"column":13}}},"fnMap":{"0":{"name":"(anonymous_0)","decl":{"start":{"line":2,"column":4},"end":{"line":2,"column":24}},"loc":{"start":{"line":2,"column":38},"end":{"line":2,"column":42}}},"1":{"name":"(anonymous_1)","decl":{"start":{"line":4,"column":4},"end":{"line":4,"column":13}},"loc":{"start":{"line":4,"column":13},"end":{"line":6,"column":5}}},"2":{"name":"(anonymous_2)","decl":{"start":{"line":8,"column":4},"end":{"line":8,"column":13}},"loc":{"start":{"line":8,"column":28},"end":{"line":11,"column":5}}}},"branchMap":{},"s":{"0":8,"1":8,"2":0,"3":0,"4":1},"f":{"0":8,"1":8,"2":0},"b":{}}
,"C:\\devOps\\devOps3wa\\cours_devops_tdd\\01-le-concept-de-tdd\\skeleton-nodejs\\exercice-2-calculator\\src\\model\\sub.ts": {"path":"C:\\devOps\\devOps3wa\\cours_devops_tdd\\01-le-concept-de-tdd\\skeleton-nodejs\\exercice-2-calculator\\src\\model\\sub.ts","statementMap":{"0":{"start":{"line":3,"column":0},"end":{"line":3,"column":47}},"1":{"start":{"line":7,"column":8},"end":{"line":7,"column":63}},"2":{"start":{"line":5,"column":0},"end":{"line":5,"column":13}}},"fnMap":{"0":{"name":"(anonymous_0)","decl":{"start":{"line":6,"column":4},"end":{"line":6,"column":8}},"loc":{"start":{"line":6,"column":29},"end":{"line":8,"column":5}}}},"branchMap":{},"s":{"0":1,"1":1,"2":1},"f":{"0":1},"b":{}}
,"C:\\devOps\\devOps3wa\\cours_devops_tdd\\01-le-concept-de-tdd\\skeleton-nodejs\\exercice-5-fizzbuzz\\src\\app.ts": {"path":"C:\\devOps\\devOps3wa\\cours_devops_tdd\\01-le-concept-de-tdd\\skeleton-nodejs\\exercice-5-fizzbuzz\\src\\app.ts","statementMap":{"0":{"start":{"line":1,"column":0},"end":{"line":1,"column":22}},"1":{"start":{"line":2,"column":0},"end":{"line":2,"column":33}},"2":{"start":{"line":4,"column":0},"end":{"line":4,"column":16}},"3":{"start":{"line":6,"column":12},"end":{"line":6,"column":21}},"4":{"start":{"line":8,"column":0},"end":{"line":23,"column":3}},"5":{"start":{"line":9,"column":17},"end":{"line":9,"column":53}},"6":{"start":{"line":10,"column":15},"end":{"line":10,"column":17}},"7":{"start":{"line":12,"column":2},"end":{"line":14,"column":3}},"8":{"start":{"line":13,"column":4},"end":{"line":13,"column":21}},"9":{"start":{"line":15,"column":2},"end":{"line":17,"column":3}},"10":{"start":{"line":16,"column":4},"end":{"line":16,"column":21}},"11":{"start":{"line":18,"column":2},"end":{"line":20,"column":3}},"12":{"start":{"line":19,"column":4},"end":{"line":19,"column":31}},"13":{"start":{"line":22,"column":2},"end":{"line":22,"column":20}},"14":{"start":{"line":25,"column":13},"end":{"line":25,"column":37}},"15":{"start":{"line":26,"column":13},"end":{"line":28,"column":3}},"16":{"start":{"line":27,"column":2},"end":{"line":27,"column":51}}},"fnMap":{"0":{"name":"(anonymous_7)","decl":{"start":{"line":8,"column":8},"end":{"line":8,"column":13}},"loc":{"start":{"line":8,"column":22},"end":{"line":23,"column":1}}},"1":{"name":"(anonymous_8)","decl":{"start":{"line":26,"column":39},"end":{"line":26,"column":42}},"loc":{"start":{"line":26,"column":44},"end":{"line":28,"column":1}}}},"branchMap":{"0":{"loc":{"start":{"line":12,"column":2},"end":{"line":14,"column":3}},"type":"if","locations":[{"start":{"line":12,"column":2},"end":{"line":14,"column":3}}]},"1":{"loc":{"start":{"line":15,"column":2},"end":{"line":17,"column":3}},"type":"if","locations":[{"start":{"line":15,"column":2},"end":{"line":17,"column":3}}]},"2":{"loc":{"start":{"line":18,"column":2},"end":{"line":20,"column":3}},"type":"if","locations":[{"start":{"line":18,"column":2},"end":{"line":20,"column":3}}]},"3":{"loc":{"start":{"line":25,"column":13},"end":{"line":25,"column":37}},"type":"binary-expr","locations":[{"start":{"line":25,"column":13},"end":{"line":25,"column":29}},{"start":{"line":25,"column":33},"end":{"line":25,"column":37}}]}},"s":{"0":1,"1":1,"2":1,"3":1,"4":1,"5":3,"6":3,"7":3,"8":1,"9":3,"10":1,"11":3,"12":1,"13":3,"14":1,"15":1,"16":1},"f":{"0":3,"1":1},"b":{"0":[1],"1":[1],"2":[1],"3":[1,0]}}
,"C:\\devOps\\devOps3wa\\cours_devops_tdd\\01-le-concept-de-tdd\\skeleton-nodejs\\exercice-6-string-calculator\\src\\calculator.ts": {"path":"C:\\devOps\\devOps3wa\\cours_devops_tdd\\01-le-concept-de-tdd\\skeleton-nodejs\\exercice-6-string-calculator\\src\\calculator.ts","statementMap":{"0":{"start":{"line":2,"column":2},"end":{"line":4,"column":3}},"1":{"start":{"line":3,"column":4},"end":{"line":3,"column":13}},"2":{"start":{"line":6,"column":2},"end":{"line":8,"column":3}},"3":{"start":{"line":7,"column":4},"end":{"line":7,"column":66}},"4":{"start":{"line":10,"column":2},"end":{"line":41,"column":3}},"5":{"start":{"line":11,"column":25},"end":{"line":11,"column":46}},"6":{"start":{"line":12,"column":4},"end":{"line":14,"column":5}},"7":{"start":{"line":13,"column":6},"end":{"line":13,"column":57}},"8":{"start":{"line":15,"column":28},"end":{"line":15,"column":62}},"9":{"start":{"line":16,"column":29},"end":{"line":16,"column":64}},"10":{"start":{"line":18,"column":4},"end":{"line":20,"column":5}},"11":{"start":{"line":19,"column":6},"end":{"line":19,"column":194}},"12":{"start":{"line":22,"column":17},"end":{"line":22,"column":78}},"13":{"start":{"line":23,"column":28},"end":{"line":23,"column":67}},"14":{"start":{"line":23,"column":49},"end":{"line":23,"column":66}},"15":{"start":{"line":25,"column":4},"end":{"line":27,"column":5}},"16":{"start":{"line":26,"column":6},"end":{"line":26,"column":88}},"17":{"start":{"line":29,"column":25},"end":{"line":29,"column":68}},"18":{"start":{"line":29,"column":46},"end":{"line":29,"column":67}},"19":{"start":{"line":30,"column":4},"end":{"line":30,"column":69}},"20":{"start":{"line":30,"column":45},"end":{"line":30,"column":64}},"21":{"start":{"line":32,"column":17},"end":{"line":32,"column":38}},"22":{"start":{"line":33,"column":28},"end":{"line":33,"column":67}},"23":{"start":{"line":33,"column":49},"end":{"line":33,"column":66}},"24":{"start":{"line":35,"column":4},"end":{"line":37,"column":5}},"25":{"start":{"line":36,"column":6},"end":{"line":36,"column":88}},"26":{"start":{"line":39,"column":25},"end":{"line":39,"column":68}},"27":{"start":{"line":39,"column":46},"end":{"line":39,"column":67}},"28":{"start":{"line":40,"column":4},"end":{"line":40,"column":69}},"29":{"start":{"line":40,"column":45},"end":{"line":40,"column":64}},"30":{"start":{"line":1,"column":0},"end":{"line":1,"column":16}}},"fnMap":{"0":{"name":"Add","decl":{"start":{"line":1,"column":16},"end":{"line":1,"column":19}},"loc":{"start":{"line":1,"column":35},"end":{"line":42,"column":1}}},"1":{"name":"(anonymous_1)","decl":{"start":{"line":23,"column":40},"end":{"line":23,"column":41}},"loc":{"start":{"line":23,"column":49},"end":{"line":23,"column":66}}},"2":{"name":"(anonymous_2)","decl":{"start":{"line":29,"column":37},"end":{"line":29,"column":38}},"loc":{"start":{"line":29,"column":46},"end":{"line":29,"column":67}}},"3":{"name":"(anonymous_3)","decl":{"start":{"line":30,"column":31},"end":{"line":30,"column":32}},"loc":{"start":{"line":30,"column":45},"end":{"line":30,"column":64}}},"4":{"name":"(anonymous_4)","decl":{"start":{"line":33,"column":40},"end":{"line":33,"column":41}},"loc":{"start":{"line":33,"column":49},"end":{"line":33,"column":66}}},"5":{"name":"(anonymous_5)","decl":{"start":{"line":39,"column":37},"end":{"line":39,"column":38}},"loc":{"start":{"line":39,"column":46},"end":{"line":39,"column":67}}},"6":{"name":"(anonymous_6)","decl":{"start":{"line":40,"column":31},"end":{"line":40,"column":32}},"loc":{"start":{"line":40,"column":45},"end":{"line":40,"column":64}}}},"branchMap":{"0":{"loc":{"start":{"line":2,"column":2},"end":{"line":4,"column":3}},"type":"if","locations":[{"start":{"line":2,"column":2},"end":{"line":4,"column":3}}]},"1":{"loc":{"start":{"line":6,"column":2},"end":{"line":8,"column":3}},"type":"if","locations":[{"start":{"line":6,"column":2},"end":{"line":8,"column":3}}]},"2":{"loc":{"start":{"line":6,"column":6},"end":{"line":6,"column":53}},"type":"binary-expr","locations":[{"start":{"line":6,"column":6},"end":{"line":6,"column":27}},{"start":{"line":6,"column":31},"end":{"line":6,"column":53}}]},"3":{"loc":{"start":{"line":10,"column":2},"end":{"line":41,"column":3}},"type":"if","locations":[{"start":{"line":10,"column":2},"end":{"line":41,"column":3}},{"start":{"line":31,"column":9},"end":{"line":41,"column":3}}]},"4":{"loc":{"start":{"line":12,"column":4},"end":{"line":14,"column":5}},"type":"if","locations":[{"start":{"line":12,"column":4},"end":{"line":14,"column":5}}]},"5":{"loc":{"start":{"line":18,"column":4},"end":{"line":20,"column":5}},"type":"if","locations":[{"start":{"line":18,"column":4},"end":{"line":20,"column":5}}]},"6":{"loc":{"start":{"line":18,"column":8},"end":{"line":18,"column":71}},"type":"binary-expr","locations":[{"start":{"line":18,"column":8},"end":{"line":18,"column":37}},{"start":{"line":18,"column":41},"end":{"line":18,"column":71}}]},"7":{"loc":{"start":{"line":19,"column":92},"end":{"line":19,"column":190}},"type":"cond-expr","locations":[{"start":{"line":19,"column":130},"end":{"line":19,"column":158}},{"start":{"line":19,"column":161},"end":{"line":19,"column":190}}]},"8":{"loc":{"start":{"line":25,"column":4},"end":{"line":27,"column":5}},"type":"if","locations":[{"start":{"line":25,"column":4},"end":{"line":27,"column":5}}]},"9":{"loc":{"start":{"line":35,"column":4},"end":{"line":37,"column":5}},"type":"if","locations":[{"start":{"line":35,"column":4},"end":{"line":37,"column":5}}]}},"s":{"0":10,"1":1,"2":9,"3":1,"4":8,"5":1,"6":1,"7":0,"8":1,"9":1,"10":1,"11":0,"12":1,"13":1,"14":3,"15":1,"16":0,"17":1,"18":3,"19":1,"20":2,"21":7,"22":7,"23":18,"24":7,"25":2,"26":5,"27":13,"28":5,"29":12,"30":1},"f":{"0":10,"1":3,"2":3,"3":2,"4":18,"5":13,"6":12},"b":{"0":[1],"1":[1],"2":[9,8],"3":[1,7],"4":[0],"5":[0],"6":[1,1],"7":[0,0],"8":[0],"9":[2]}}
,"C:\\devOps\\devOps3wa\\cours_devops_tdd\\01-le-concept-de-tdd\\skeleton-nodejs\\exercice-7-password-validation\\src\\password-validator.ts": {"path":"C:\\devOps\\devOps3wa\\cours_devops_tdd\\01-le-concept-de-tdd\\skeleton-nodejs\\exercice-7-password-validation\\src\\password-validator.ts","statementMap":{"0":{"start":{"line":7,"column":29},"end":{"line":7,"column":31}},"1":{"start":{"line":9,"column":4},"end":{"line":11,"column":5}},"2":{"start":{"line":10,"column":6},"end":{"line":10,"column":74}},"3":{"start":{"line":13,"column":23},"end":{"line":13,"column":80}},"4":{"start":{"line":13,"column":57},"end":{"line":13,"column":72}},"5":{"start":{"line":14,"column":4},"end":{"line":16,"column":5}},"6":{"start":{"line":15,"column":6},"end":{"line":15,"column":71}},"7":{"start":{"line":18,"column":4},"end":{"line":20,"column":5}},"8":{"start":{"line":19,"column":6},"end":{"line":19,"column":81}},"9":{"start":{"line":22,"column":4},"end":{"line":24,"column":5}},"10":{"start":{"line":23,"column":6},"end":{"line":23,"column":81}},"11":{"start":{"line":26,"column":4},"end":{"line":29,"column":6}},"12":{"start":{"line":6,"column":2},"end":{"line":6,"column":18}}},"fnMap":{"0":{"name":"validatePassword","decl":{"start":{"line":6,"column":18},"end":{"line":6,"column":34}},"loc":{"start":{"line":6,"column":51},"end":{"line":30,"column":3}}},"1":{"name":"(anonymous_1)","decl":{"start":{"line":13,"column":49},"end":{"line":13,"column":53}},"loc":{"start":{"line":13,"column":57},"end":{"line":13,"column":72}}}},"branchMap":{"0":{"loc":{"start":{"line":9,"column":4},"end":{"line":11,"column":5}},"type":"if","locations":[{"start":{"line":9,"column":4},"end":{"line":11,"column":5}}]},"1":{"loc":{"start":{"line":14,"column":4},"end":{"line":16,"column":5}},"type":"if","locations":[{"start":{"line":14,"column":4},"end":{"line":16,"column":5}}]},"2":{"loc":{"start":{"line":18,"column":4},"end":{"line":20,"column":5}},"type":"if","locations":[{"start":{"line":18,"column":4},"end":{"line":20,"column":5}}]},"3":{"loc":{"start":{"line":22,"column":4},"end":{"line":24,"column":5}},"type":"if","locations":[{"start":{"line":22,"column":4},"end":{"line":24,"column":5}}]}},"s":{"0":2,"1":2,"2":1,"3":2,"4":17,"5":2,"6":1,"7":2,"8":0,"9":2,"10":1,"11":2,"12":1},"f":{"0":2,"1":17},"b":{"0":[1],"1":[1],"2":[0],"3":[1]}}
,"C:\\devOps\\devOps3wa\\cours_devops_tdd\\01-le-concept-de-tdd\\skeleton-nodejs\\exercice-8-search\\src\\city-search.ts": {"path":"C:\\devOps\\devOps3wa\\cours_devops_tdd\\01-le-concept-de-tdd\\skeleton-nodejs\\exercice-8-search\\src\\city-search.ts","statementMap":{"0":{"start":{"line":1,"column":13},"end":{"line":5,"column":2}},"1":{"start":{"line":9,"column":4},"end":{"line":11,"column":5}},"2":{"start":{"line":10,"column":6},"end":{"line":10,"column":16}},"3":{"start":{"line":13,"column":4},"end":{"line":13,"column":32}},"4":{"start":{"line":15,"column":4},"end":{"line":17,"column":5}},"5":{"start":{"line":16,"column":6},"end":{"line":16,"column":20}},"6":{"start":{"line":20,"column":27},"end":{"line":20,"column":86}},"7":{"start":{"line":20,"column":49},"end":{"line":20,"column":85}},"8":{"start":{"line":22,"column":4},"end":{"line":22,"column":26}},"9":{"start":{"line":7,"column":0},"end":{"line":7,"column":16}}},"fnMap":{"0":{"name":"searchCities","decl":{"start":{"line":7,"column":16},"end":{"line":7,"column":28}},"loc":{"start":{"line":7,"column":42},"end":{"line":23,"column":1}}},"1":{"name":"(anonymous_1)","decl":{"start":{"line":20,"column":41},"end":{"line":20,"column":45}},"loc":{"start":{"line":20,"column":49},"end":{"line":20,"column":85}}}},"branchMap":{"0":{"loc":{"start":{"line":9,"column":4},"end":{"line":11,"column":5}},"type":"if","locations":[{"start":{"line":9,"column":4},"end":{"line":11,"column":5}}]},"1":{"loc":{"start":{"line":15,"column":4},"end":{"line":17,"column":5}},"type":"if","locations":[{"start":{"line":15,"column":4},"end":{"line":17,"column":5}}]}},"s":{"0":1,"1":3,"2":1,"3":2,"4":2,"5":0,"6":2,"7":32,"8":2,"9":1},"f":{"0":3,"1":32},"b":{"0":[1],"1":[0]}}
,"C:\\devOps\\devOps3wa\\cours_devops_tdd\\01-le-concept-de-tdd\\skeleton-nodejs\\exercice-9-sale\\src\\point-de-vente.ts": {"path":"C:\\devOps\\devOps3wa\\cours_devops_tdd\\01-le-concept-de-tdd\\skeleton-nodejs\\exercice-9-sale\\src\\point-de-vente.ts","statementMap":{"0":{"start":{"line":1,"column":45},"end":{"line":4,"column":2}},"1":{"start":{"line":7,"column":4},"end":{"line":9,"column":5}},"2":{"start":{"line":8,"column":6},"end":{"line":8,"column":41}},"3":{"start":{"line":11,"column":4},"end":{"line":13,"column":5}},"4":{"start":{"line":12,"column":6},"end":{"line":12,"column":55}},"5":{"start":{"line":15,"column":4},"end":{"line":15,"column":45}},"6":{"start":{"line":6,"column":0},"end":{"line":6,"column":16}},"7":{"start":{"line":19,"column":16},"end":{"line":19,"column":17}},"8":{"start":{"line":21,"column":4},"end":{"line":25,"column":5}},"9":{"start":{"line":22,"column":6},"end":{"line":24,"column":7}},"10":{"start":{"line":23,"column":8},"end":{"line":23,"column":42}},"11":{"start":{"line":27,"column":4},"end":{"line":27,"column":34}},"12":{"start":{"line":18,"column":0},"end":{"line":18,"column":16}}},"fnMap":{"0":{"name":"scannerCodeBarres","decl":{"start":{"line":6,"column":16},"end":{"line":6,"column":33}},"loc":{"start":{"line":6,"column":52},"end":{"line":16,"column":1}}},"1":{"name":"calculerTotalCommande","decl":{"start":{"line":18,"column":16},"end":{"line":18,"column":37}},"loc":{"start":{"line":18,"column":59},"end":{"line":28,"column":1}}}},"branchMap":{"0":{"loc":{"start":{"line":7,"column":4},"end":{"line":9,"column":5}},"type":"if","locations":[{"start":{"line":7,"column":4},"end":{"line":9,"column":5}}]},"1":{"loc":{"start":{"line":11,"column":4},"end":{"line":13,"column":5}},"type":"if","locations":[{"start":{"line":11,"column":4},"end":{"line":13,"column":5}}]},"2":{"loc":{"start":{"line":22,"column":6},"end":{"line":24,"column":7}},"type":"if","locations":[{"start":{"line":22,"column":6},"end":{"line":24,"column":7}}]}},"s":{"0":1,"1":4,"2":1,"3":3,"4":2,"5":1,"6":1,"7":1,"8":1,"9":3,"10":3,"11":1,"12":1},"f":{"0":4,"1":1},"b":{"0":[1],"1":[2],"2":[3]}}
}
