TN:
SF:exercice-10-bank\src\banking.ts
FN:7,(anonymous_0)
FN:11,(anonymous_1)
FN:21,(anonymous_2)
FN:35,(anonymous_3)
FN:40,(anonymous_4)
FNF:5
FNH:4
FNDA:3,(anonymous_0)
FNDA:3,(anonymous_1)
FNDA:2,(anonymous_2)
FNDA:0,(anonymous_3)
FNDA:2,(anonymous_4)
DA:7,1
DA:8,3
DA:9,3
DA:12,3
DA:13,1
DA:16,2
DA:17,2
DA:18,2
DA:22,2
DA:23,1
DA:26,1
DA:27,1
DA:30,0
DA:31,0
DA:32,0
DA:36,0
DA:37,0
DA:41,2
DA:42,2
DA:43,2
DA:44,2
DA:45,2
LF:22
LH:17
BRDA:12,0,0,1
BRDA:22,1,0,1
BRDA:26,2,0,1
BRF:3
BRH:3
end_of_record
TN:
SF:exercice-2-calculator\src\model\add.ts
FN:6,(anonymous_0)
FNF:1
FNH:1
FNDA:1,(anonymous_0)
DA:3,1
DA:5,1
DA:7,1
LF:3
LH:3
BRF:0
BRH:0
end_of_record
TN:
SF:exercice-2-calculator\src\model\divisor.ts
FN:6,(anonymous_0)
FNF:1
FNH:1
FNDA:2,(anonymous_0)
DA:3,1
DA:5,1
DA:7,2
DA:8,1
DA:11,1
LF:5
LH:5
BRDA:7,0,0,1
BRF:1
BRH:1
end_of_record
TN:
SF:exercice-2-calculator\src\model\number-string.ts
FN:2,(anonymous_0)
FN:4,(anonymous_1)
FNF:2
FNH:2
FNDA:3,(anonymous_0)
FNDA:3,(anonymous_1)
DA:1,1
DA:2,3
DA:5,3
LF:3
LH:3
BRF:0
BRH:0
end_of_record
TN:
SF:exercice-2-calculator\src\model\number.ts
FN:2,(anonymous_0)
FN:4,(anonymous_1)
FN:8,(anonymous_2)
FNF:3
FNH:2
FNDA:8,(anonymous_0)
FNDA:8,(anonymous_1)
FNDA:0,(anonymous_2)
DA:1,1
DA:2,8
DA:5,8
DA:9,0
DA:10,0
LF:5
LH:3
BRF:0
BRH:0
end_of_record
TN:
SF:exercice-2-calculator\src\model\sub.ts
FN:6,(anonymous_0)
FNF:1
FNH:1
FNDA:1,(anonymous_0)
DA:3,1
DA:5,1
DA:7,1
LF:3
LH:3
BRF:0
BRH:0
end_of_record
TN:
SF:exercice-5-fizzbuzz\src\app.ts
FN:8,(anonymous_7)
FN:26,(anonymous_8)
FNF:2
FNH:2
FNDA:3,(anonymous_7)
FNDA:1,(anonymous_8)
DA:1,1
DA:2,1
DA:4,1
DA:6,1
DA:8,1
DA:9,3
DA:10,3
DA:12,3
DA:13,1
DA:15,3
DA:16,1
DA:18,3
DA:19,1
DA:22,3
DA:25,1
DA:26,1
DA:27,1
LF:17
LH:17
BRDA:12,0,0,1
BRDA:15,1,0,1
BRDA:18,2,0,1
BRDA:25,3,0,1
BRDA:25,3,1,0
BRF:5
BRH:4
end_of_record
TN:
SF:exercice-6-string-calculator\src\calculator.ts
FN:1,Add
FN:23,(anonymous_1)
FN:29,(anonymous_2)
FN:30,(anonymous_3)
FN:33,(anonymous_4)
FN:39,(anonymous_5)
FN:40,(anonymous_6)
FNF:7
FNH:7
FNDA:10,Add
FNDA:3,(anonymous_1)
FNDA:3,(anonymous_2)
FNDA:2,(anonymous_3)
FNDA:18,(anonymous_4)
FNDA:13,(anonymous_5)
FNDA:12,(anonymous_6)
DA:1,1
DA:2,10
DA:3,1
DA:6,9
DA:7,1
DA:10,8
DA:11,1
DA:12,1
DA:13,0
DA:15,1
DA:16,1
DA:18,1
DA:19,0
DA:22,1
DA:23,3
DA:25,1
DA:26,0
DA:29,3
DA:30,2
DA:32,7
DA:33,18
DA:35,7
DA:36,2
DA:39,13
DA:40,12
LF:25
LH:22
BRDA:2,0,0,1
BRDA:6,1,0,1
BRDA:6,2,0,9
BRDA:6,2,1,8
BRDA:10,3,0,1
BRDA:10,3,1,7
BRDA:12,4,0,0
BRDA:18,5,0,0
BRDA:18,6,0,1
BRDA:18,6,1,1
BRDA:19,7,0,0
BRDA:19,7,1,0
BRDA:25,8,0,0
BRDA:35,9,0,2
BRF:14
BRH:9
end_of_record
TN:
SF:exercice-7-password-validation\src\password-validator.ts
FN:6,validatePassword
FN:13,(anonymous_1)
FNF:2
FNH:2
FNDA:2,validatePassword
FNDA:17,(anonymous_1)
DA:6,1
DA:7,2
DA:9,2
DA:10,1
DA:13,17
DA:14,2
DA:15,1
DA:18,2
DA:19,0
DA:22,2
DA:23,1
DA:26,2
LF:12
LH:11
BRDA:9,0,0,1
BRDA:14,1,0,1
BRDA:18,2,0,0
BRDA:22,3,0,1
BRF:4
BRH:3
end_of_record
TN:
SF:exercice-8-search\src\city-search.ts
FN:7,searchCities
FN:20,(anonymous_1)
FNF:2
FNH:2
FNDA:3,searchCities
FNDA:32,(anonymous_1)
DA:1,1
DA:7,1
DA:9,3
DA:10,1
DA:13,2
DA:15,2
DA:16,0
DA:20,32
DA:22,2
LF:9
LH:8
BRDA:9,0,0,1
BRDA:15,1,0,0
BRF:2
BRH:1
end_of_record
TN:
SF:exercice-9-sale\src\point-de-vente.ts
FN:6,scannerCodeBarres
FN:18,calculerTotalCommande
FNF:2
FNH:2
FNDA:4,scannerCodeBarres
FNDA:1,calculerTotalCommande
DA:1,1
DA:6,1
DA:7,4
DA:8,1
DA:11,3
DA:12,2
DA:15,1
DA:18,1
DA:19,1
DA:21,1
DA:22,3
DA:23,3
DA:27,1
LF:13
LH:13
BRDA:7,0,0,1
BRDA:11,1,0,2
BRDA:22,2,0,3
BRF:3
BRH:3
end_of_record
